         w __deregister_frame_info
         w __register_frame_info
         w userAppExit
         w userAppInit
00000000 00000802 B __ctru_dev_utf16_buf
00000000 A __sync_synchronize
00000000 b _TLS_MODULE_BASE_
00000000 a shift
00000000 a shift
00000804 00000401 B __ctru_dev_path_buf
00100000 A __start__
00100000 T _start
00100008 T __service_ptr
0010000c T __apt_appid
00100010 T __heap_size
00100014 T __linear_heap_size
00100018 T __system_arglist
0010001c T __system_runflags
00100020 t startup
00100058 t ClearMem
0010006c t ClrLoop
00100094 T _init
001000ac T __aeabi_uidiv
001000ac 000001ec T __udivsi3
001000ac t .udivsi3_skip_div0_test
00100298 00000020 T __aeabi_uidivmod
001002b8 T __aeabi_idiv
001002b8 00000220 T __divsi3
001002c0 t .divsi3_skip_div0_test
001004d8 00000020 T __aeabi_idivmod
001004f8 00000004 W __aeabi_idiv0
001004f8 00000004 W __aeabi_ldiv0
001004fc T __aeabi_ldivmod
001005d0 T __aeabi_uldivmod
00100628 00000390 T strcmp
001009b0 t __do_global_dtors_aux
00100a00 t frame_dummy
00100a30 000007f4 T main
00101224 00000044 t C2Di_FrameEndHook
00101268 0000036c T C2D_Init
001015d4 0000004c T C2D_Fini
00101620 000000b8 T C2D_Prepare
001016d8 00000048 T C2D_Flush
00101720 00000104 T C2D_SceneSize
00101824 00000058 T C2D_CreateScreenTarget
0010187c 00000064 T C2D_TargetClear
001018e0 00000058 T C2Di_AppendQuad
00101938 00000040 T C2Di_AppendVtx
00101978 00000550 T C2Di_Update
00101ec8 00000158 T C2D_DrawRectangle
00102020 00000018 t C2Di_GlyphComp
00102038 00000140 t C2Di_CalcLineWidths
00102178 000001dc T C2D_TextBufNew
00102354 00000004 T C2D_TextBufDelete
00102358 0000000c T C2D_TextBufClear
00102364 000001c8 T C2D_TextFontParseLine
0010252c 000000a8 T C2D_TextFontParse
001025d4 00000030 T C2D_TextOptimize
00102604 00000f6c T C2D_DrawText
00103570 00000028 T C2D_FontFree
00103598 000000e8 t C2Di_PostLoadFont
00103680 000001c0 T C2D_FontLoadSystem
00103840 00000044 T C2D_FontGlyphIndexFromCodePoint
00103884 00000078 T C2D_FontCalcGlyphPos
001038fc 00000028 T AttrInfo_Init
00103924 00000094 T AttrInfo_AddLoader
001039b8 00000054 T C3D_SetAttrInfo
00103a0c 00000080 T C3Di_AttrInfoBind
00103a8c 00000004 W C3Di_LightEnvUpdate
00103a90 00000004 W C3Di_LightEnvDirty
00103a94 000000b4 t C3Di_AptEventHook
00103b48 00000004 W C3Di_GasUpdate
00103b4c 000001d0 T C3D_Init
00103d1c 00000098 T C3D_SetViewport
00103db4 000004e8 T C3Di_UpdateContext
0010429c 000000e0 T C3Di_SplitFrame
0010437c 00000010 T C3D_GetCmdBufUsage
0010438c 00000044 T C3D_Fini
001043d0 00000194 T C3D_BindProgram
00104564 00000024 T BufInfo_Init
00104588 00000080 T BufInfo_Add
00104608 0000003c T C3D_SetBufInfo
00104644 00000048 T C3Di_BufInfoBind
0010468c 0000021c T C3D_DrawElements
001048a8 00000040 T C3D_DepthMap
001048e8 0000001c T C3D_CullFace
00104904 00000040 T C3D_StencilTest
00104944 00000024 T C3D_StencilOp
00104968 0000001c T C3D_BlendingColor
00104984 00000024 T C3D_EarlyDepthTest
001049a8 0000002c T C3D_DepthTest
001049d4 0000002c T C3D_AlphaTest
00104a00 00000050 T C3D_AlphaBlend
00104a50 00000030 T C3D_FragOpMode
00104a80 00000044 T C3D_FragOpShadow
00104ac4 000001ac T C3Di_EffectBind
00104c70 0000001c T C3D_CalcColorBufSize
00104c8c 0000001c T C3D_CalcDepthBufSize
00104ca8 00000044 T C3D_SetFrameBuf
00104cec 0000016c T C3Di_FrameBufBind
00104e58 000000c8 T C3D_FrameBufClear
00104f20 00000044 T C3D_FrameBufTransfer
00104f64 000000a8 T C3D_ImmSendAttrib
0010500c 00000070 T C3D_ProcTexInit
0010507c 00000054 T C3D_ProcTexBind
001050d0 0000005c T C3D_ProcTexLutBind
0010512c 000000a4 T ProcTexLut_FromArray
001051d0 00000178 T C3Di_ProcTexUpdate
00105348 00000068 T C3Di_ProcTexDirty
001053b0 0000004c t onVBlank0
001053fc 0000004c t onVBlank1
00105448 00000080 t C3Di_RenderTargetDestroy
001054c8 000000f4 t onQueueFinish
001055bc 00000038 T C3Di_RenderQueueEnableVBlank
001055f4 00000030 T C3Di_RenderQueueDisableVBlank
00105624 00000060 T C3Di_RenderQueueInit
00105684 000000b4 T C3Di_RenderQueueExit
00105738 00000034 T C3Di_RenderQueueWaitDone
0010576c 000000e8 T C3D_FrameBegin
00105854 00000048 T C3D_FrameDrawOn
0010589c 00000058 T C3D_FrameSplit
001058f4 000001d0 T C3D_FrameEnd
00105ac4 0000001c T C3D_FrameEndHook
00105ae0 00000018 T C3D_GetDrawingTime
00105af8 00000018 T C3D_GetProcessingTime
00105b10 00000170 T C3D_RenderTargetCreate
00105c80 000000a8 T C3D_RenderTargetSetOutput
00105d28 00000034 T C3D_GetTexEnv
00105d5c 00000024 T C3Di_TexEnvBind
00105d80 00000044 T C3D_TexBind
00105dc4 0000014c T C3Di_SetTex
00105f10 00000290 T C3D_UpdateUniforms
001061a0 000000c0 T C3Di_DirtyUniforms
00106260 000000d8 T C3Di_LoadShaderUniforms
00106338 00000028 T C3Di_ClearShaderUniforms
00106360 000000cc T Mtx_Ortho
0010642c 000000cc T Mtx_OrthoTilt
001064f8 00000024 t addrMapNodeComparator(rbtree_node const*, rbtree_node const*)
0010651c 00000004 t addrMapNodeDestructor(rbtree_node*)
00106520 0000012c T linearMemAlign
0010664c 00000008 T linearAlloc
00106654 0000005c T linearFree
001066b0 00000088 T MemPool::CoalesceRight(MemBlock*)
00106738 00000178 T MemPool::Allocate(MemChunk&, unsigned long, int)
001068b0 00000118 T MemPool::Deallocate(MemChunk const&)
001069c8 00000030 T MemPool::GetFreeSpace()
001069f8 00000024 t addrMapNodeComparator(rbtree_node const*, rbtree_node const*)
00106a1c 00000004 t addrMapNodeDestructor(rbtree_node*)
00106a20 00000248 T vramMemAlignAt
00106c68 0000000c T vramAlloc
00106c74 0000000c T vramAllocAt
00106c80 00000094 T vramFree
00106d14 000001c8 T consoleDrawChar
00106edc 00000170 T consolePrintChar
0010704c 00000c40 T con_write
00107c8c 00000110 t newRow
00107d9c 00000180 T consoleInit
00107f1c 0000009c T fontEnsureMapped
00107fb8 0000007c T fontFixPointers
00108034 00000100 T fontGlyphIndexFromCodePoint
00108134 00000214 T fontCalcGlyphPos
00108348 000000cc t gfxPresentFramebuffer
00108414 0000001c T gfxIsWide
00108430 000000f8 T gfxSetScreenFormat
00108528 00000010 T gfxSetDoubleBuffering
00108538 000000d8 T gfxInit
00108610 00000010 T gfxInitDefault
00108620 000000b8 T gfxExit
001086d8 000000a0 T gfxGetFramebuffer
00108778 00000100 T gfxFlushBuffers
00108878 00000028 T gfxScreenSwapBuffers
001088a0 00000050 T gfxSwapBuffersGpu
001088f0 00000074 T osConvertVirtToPhys
00108964 00000054 T osGetTimeRef
001089b8 000000ec T osGetTime
00108aa8 00000038 T osTickCounterRead
00108ae0 00000034 T __ctru_speedup_config
00108b14 00000008 t romfs_close
00108b1c 000000ac t romfs_seek
00108bc8 00000024 t romfs_dirreset
00108bec 000000c0 t fill_dir
00108cac 000002ac t romfs_dirnext
00108f58 00000074 t romfs_free
00108fcc 000000d0 t searchForFile.constprop.0
0010909c 000000d4 t searchForDir.constprop.0
00109170 000001c0 t navigateToDir.constprop.0
00109330 00000114 t romfs_open
00109444 0000004c t romfs_chdir
00109490 00000068 t romfs_diropen
001094f8 00000178 t romfs_stat
00109670 00000008 t romfs_dirclose
00109678 0000007c t romfs_fstat
001096f4 000000d0 t romfs_read
001097c4 0000028c T romfsMountFromFile
00109a50 000000ac T romfsMountFromTitle
00109afc 000000a0 T romfsUnmount
00109b9c 0000013c T GPUCMD_Add
00109cd8 000000b0 T GPUCMD_Split
00109d88 00000034 T f32tof16
00109dbc 00000034 T f32tof24
00109df0 00000038 T f32tof31
00109e28 00000010 T GX_BindQueue
00109e38 0000007c T GX_ProcessCommandList
00109eb4 00000074 T GX_MemoryFill
00109f28 00000074 T GX_DisplayTransfer
00109f9c 00000064 t gxCmdQueueDoCommands.part.0
0010a000 000000e4 T gxCmdQueueInterrupt
0010a0e4 00000068 T gxCmdQueueClear
0010a14c 00000108 T gxCmdQueueAdd
0010a254 00000080 T gxCmdQueueRun
0010a2d4 00000064 T gxCmdQueueStop
0010a338 0000008c T gxCmdQueueWait
0010a3c4 000001e0 T shaderInstanceInit
0010a5a4 00000018 T shaderInstanceGetUniformLocation
0010a5bc 0000001c T shaderProgramInit
0010a5d8 00000074 T shaderProgramFree
0010a64c 00000094 T shaderProgramSetVsh
0010a6e0 000008d0 T shaderProgramConfigure
0010afb0 000001dc t DVLE_GenerateOutmap.part.0
0010b18c 000001ac T DVLB_ParseFile
0010b338 00000050 T DVLB_Free
0010b388 00000074 T DVLE_GetUniformRegister
0010b3fc 00000180 t aptConvertScreenForCapture
0010b57c 00000008 W aptDspSleep
0010b584 00000004 W aptDspWakeup
0010b588 00000004 W aptDspCancel
0010b58c 00000138 T aptSendCommand
0010b6c8 00000044 t aptExitProcess
0010b70c 00000394 T aptExit
0010baa0 000000d8 T aptHandleSleep
0010bb78 00000034 T aptHook
0010bbac 00000030 T aptUnhook
0010bbdc 00000084 T APT_SleepIfShellClosed
0010bc60 00000078 T aptSetSleepAllowed
0010bcd8 00000084 T APT_UnlockTransition
0010bd60 00000470 t aptEventHandler
0010c1d0 000000bc T APT_ReceiveParameter
0010c28c 000000b0 t aptReceiveParameter.constprop.0
0010c340 00000294 t aptScreenTransfer
0010c5d4 000002d0 t aptWaitForWakeUp.isra.0
0010c8a4 000000f4 T aptJumpToHomeMenu
0010c998 00000058 T aptMainLoop
0010c9f0 00000240 T aptInit
0010cc30 00000090 T APT_CheckNew3DS
0010ccc0 00000048 T APT_GetSharedFont
0010cd08 00000038 T CFGU_SecureInfoGetRegion
0010cd40 00000104 T fsInit
0010ce44 0000003c T fsExit
0010ce80 00000068 T fsExemptFromSession
0010cee8 00000050 T fsUnexemptFromSession
0010cf38 000000cc T FSUSER_OpenFile
0010d004 000000cc T FSUSER_OpenFileDirectly
0010d0d0 000000b8 T FSUSER_DeleteFile
0010d188 000000f4 T FSUSER_RenameFile
0010d27c 000000b8 T FSUSER_DeleteDirectory
0010d334 000000d0 T FSUSER_CreateFile
0010d404 000000c0 T FSUSER_CreateDirectory
0010d4c4 000000f4 T FSUSER_RenameDirectory
0010d5b8 000000b4 T FSUSER_OpenDirectory
0010d66c 00000090 T FSUSER_OpenArchive
0010d6fc 0000008c T FSUSER_CloseArchive
0010d788 00000074 T FSUSER_GetSdmcArchiveResource
0010d7fc 00000064 T FSUSER_IsSdmcWritable
0010d860 00000064 T FSFILE_Read
0010d8c4 0000006c T FSFILE_Write
0010d930 00000044 T FSFILE_GetSize
0010d974 00000028 T FSFILE_SetSize
0010d99c 0000003c T FSFILE_Close
0010d9d8 00000024 T FSFILE_Flush
0010d9fc 00000060 T FSDIR_Read
0010da5c 0000003c T FSDIR_Close
0010da98 00000c70 t gspHardwareInit
0010e708 00000280 T gspInit
0010e988 00000110 T gspExit
0010ea98 00000010 T gspHasGpuRight
0010eaa8 000000a4 T gspPresentBuffer
0010eb4c 00000030 T gspSetEventCallback
0010eb7c 00000050 T gspWaitForEvent
0010ebcc 0000004c T gspWaitForAnyEvent
0010ec18 00000154 t gspEventThreadMain
0010ed6c 0000012c T gspSubmitGxCommand
0010ee98 00000050 T GSPGPU_FlushDataCache
0010eee8 00000034 T GSPGPU_SetLcdForceBlack
0010ef1c 00000080 T GSPGPU_AcquireRight
0010ef9c 0000005c T GSPGPU_ReleaseRight
0010eff8 0000007c T GSPGPU_ImportDisplayCaptureInfo
0010f074 0000002c T GSPGPU_SaveVramSysArea
0010f0a0 0000002c T GSPGPU_RestoreVramSysArea
0010f0cc 00000024 W hidShouldUseIrrst
0010f0f0 000001cc T hidInit
0010f2bc 000000e8 T hidExit
0010f3a4 000002a0 T hidScanInput
0010f644 00000010 T hidKeysHeld
0010f654 00000010 T hidKeysDown
0010f664 00000018 T hidCircleRead
0010f67c 000001a4 T irrstInit
0010f820 000000dc T irrstExit
0010f8fc 000000b4 T irrstScanInput
0010f9b0 00000024 T irrstKeysHeld
0010f9d4 00000078 T ptmSysmInit
0010fa4c 0000003c T ptmSysmExit
0010fa88 00000034 T PTMSYSM_ConfigureNew3DSCPU
0010fabc 000000e0 t buffer_read
0010fb9c 00000164 t iov_memmove
0010fd00 00000418 t decompress_lz11
00110118 00000110 T decompressV_LZ11
00110228 00000074 T rbtree_find
0011029c 00000010 T rbtree_init
001102ac 00000198 t do_insert
00110444 00000008 T rbtree_insert
0011044c 00000310 T rbtree_remove
0011075c 00000090 T rbtree_rotate
001107ec 00000140 T decode_utf8
0011092c 000000e8 T utf16_to_utf8
00110a14 000000c0 T utf8_to_utf16
00110ad8 000001e8 W __system_allocateHeaps
00110cc0 00000038 W __libctru_init
00110cf8 0000016c W __system_initArgv
00110e64 00000030 T __syscall_getreent
00110e94 00000064 T __syscall_gettod_r
00110ef8 00000004 T __syscall_lock_acquire
00110efc 00000004 T __syscall_lock_release
00110f00 00000004 T __syscall_lock_acquire_recursive
00110f04 00000004 T __syscall_lock_release_recursive
00110f08 00000004 T __syscall_exit
00110f0c 00000054 T initThreadVars
00110f60 00000080 T __system_initSyscalls
00110fe0 T svcControlMemory
00111000 T svcQueryMemory
00111030 T svcExitProcess
00111038 T svcCreateThread
00111058 T svcExitThread
00111060 T svcSleepThread
00111068 T svcReleaseMutex
00111070 T svcCreateEvent
00111084 T svcSignalEvent
0011108c T svcClearEvent
00111094 T svcMapMemoryBlock
0011109c T svcUnmapMemoryBlock
001110a4 T svcCreateAddressArbiter
001110b8 T svcArbitrateAddressNoTimeout
001110c0 T svcCloseHandle
001110c8 T svcWaitSynchronization
001110d0 T svcWaitSynchronizationN
001110f8 T svcDuplicateHandle
0011110c T svcGetSystemTick
00111114 T svcConnectToPort
00111128 T svcSendSyncRequest
00111130 T svcGetResourceLimit
00111144 T svcGetResourceLimitLimitValues
0011114c T svcGetResourceLimitCurrentValues
00111154 T svcBreak
0011115c T __aeabi_read_tp
00111168 W initSystem
001111b8 W __ctru_exit
001111cc 0000008c W envGetHandle
00111258 00000050 W envDestroyHandles
001112a8 00000164 T srvInit
0011140c 00000064 T srvExit
00111470 00000060 T srvEnableNotification
001114d0 000000a0 T srvGetServiceHandleDirect
00111570 00000048 T srvGetServiceHandle
001115b8 00000034 T srvSubscribe
001115ec 00000060 T srvReceiveNotification
0011164c 00000038 T srvPublishToSubscriber
00111684 0000000c T __sync_init
00111690 00000018 T __sync_fini
001116a8 00000028 T syncArbitrateAddress
001116d0 000000ac T LightLock_Lock
0011177c 00000040 T LightLock_Unlock
001117bc 00000054 T RecursiveLock_Lock
00111810 00000054 T RecursiveLock_Unlock
00111864 00000044 T LightEvent_Init
001118a8 000000b8 T LightEvent_Clear
00111960 000000dc T LightEvent_Signal
00111a3c 00000050 T LightEvent_TryWait
00111a8c 000000ac T LightEvent_Wait
00111b38 000001fc T threadCreate
00111d34 00000038 T threadFree
00111d6c 00000024 T threadJoin
00111d90 00000030 T threadGetCurrent
00111dc0 00000040 T threadExit
00111e00 00000020 t _thread_begin
00111e20 00000090 t mappableFindAddressWithin
00111eb0 00000028 T mappableInit
00111ed8 0000007c T mappableAlloc
00111f54 00000004 T mappableFree
00111f58 0000000c T srvPmGetSessionHandle
00111f64 00000060 T rbtree_node_next
00111fc4 00000054 T decode_utf16
00112018 00000054 T encode_utf16
0011206c 000000e0 T encode_utf8
0011214c 00000030 W __appExit
0011217c 00000030 W __appInit
001121ac 00000090 W __libctru_exit
0011223c 00000014 t archive_link
00112250 00000014 t archive_dirreset
00112264 00000014 t archive_chmod
00112278 00000024 t error_cmp
0011229c 00000050 t archive_translate_error
001122ec 000000c0 t archive_seek
001123ac 00000078 t _archiveInit.part.0
00112424 000000d4 t archiveFindDevice.part.0
001124f8 00000298 t archive_utf16path
00112790 00000098 t _archiveUnmountDeviceStruct.part.0
00112828 00000014 t archive_statvfs
0011283c 00000014 t archive_fchmod
00112850 00000178 t _archiveMountDevice
001129c8 000000f8 t archive_diropen
00112ac0 000000ac t archive_fstat
00112b6c 00000074 t archive_fsync
00112be0 00000074 t archive_close
00112c54 00000078 t archive_dirclose
00112ccc 000000ec t sdmc_statvfs
00112db8 000000f8 t archive_chdir
00112eb0 0000008c t archive_ftruncate
00112f3c 000000bc t archive_read
00112ff8 000000a8 t archive_unlink
001130a0 000000c0 t archive_rmdir
00113160 000000d8 t archive_mkdir
00113238 000001a0 t archive_stat
001133d8 00000164 t archive_dirnext
0011353c 0000013c t archive_write
00113678 00000254 t archive_open
001138cc 00000270 t archive_rename
00113b3c 000001c8 T archiveMountSdmc
00113d04 00000054 T archiveUnmountAll
00113d58 000000c0 T ceilf
00113e18 00000130 T __udivmoddi4
00113f48 000000d8 T strncmp
00114020 00000140 T strchr
00114160 00000144 T _fclose_r
001142a4 00000020 T fclose
001142c4 0000008c T strlen
00114350 000000d8 T memcmp
00114428 0000001c t stdio_exit_handler
00114444 0000005c t cleanup_stdio
001144a0 00000154 t global_stdio_init.part.0
001145f4 00000138 T __sfp
0011472c 0000005c T __sinit
00114788 0000000c T __sfp_lock_acquire
00114794 0000000c T __sfp_lock_release
001147a0 000001ec t _strtoul_l.isra.0
0011498c 0000003c T strtoul
001149c8 00000084 T __libc_init_array
00114a4c 0000009c T strncat
00114ae8 00000070 T _fwalk_sglue
00114b58 00000078 T bsearch
00114bd0 0000000c T __errno
00114bdc 00000028 T calloc
00114c04 000008e8 T qsort
001154ec 000000d8 T _calloc_r
001155c4 0000001c T _fseek_r
001155e0 00000034 T fseek
00115614 00000028 T memalign
0011563c 0000082c T _malloc_r
00115e68 00000114 T _malloc_trim_r
00115f7c 00000314 T _free_r
00116290 000000a0 T snprintf
00116330 000005e0 t get_arg
00116910 0000345c T _svfprintf_r
00119d6c 00000034 T printf
00119da0 0000002c T rewind
00119dcc 0000003c T strnlen
00119e08 00000040 T malloc
00119e48 00000020 T free
00119e68 0000022c T __sflush_r
0011a094 000000c4 T _fflush_r
0011a158 00000048 T time
0011a1a0 000000e4 T memset
0011a284 000004f0 T _realloc_r
0011a774 00000334 T _fread_r
0011aaa8 00000038 T fread
0011aae0 0000000c T __malloc_lock
0011aaec 0000000c T __malloc_unlock
0011aaf8 00000004 W __call_exitprocs
0011aafc 00000030 T exit
0011ab2c 00000294 T setvbuf
0011adc0 00000134 T _fopen_r
0011aef4 00000028 T fopen
0011af1c 000000d4 T strncpy
0011aff0 00000034 T ftell
0011b024 0000012c T memcpy
0011b150 00000028 T _wcsrtombs_r
0011b178 00000088 T frexp
0011b200 00000044 T __sread
0011b244 00000068 T __swrite
0011b2ac 00000040 T __sseek
0011b2ec 00000008 T __sclose
0011b2f4 0000016c T memmove
0011b460 00000024 T __locale_mb_cur_max
0011b484 000000a4 T __ssprint_r
0011b528 0000016c T _memalign_r
0011b694 0000015c T _wcsnrtombs_l
0011b7f0 00000064 T _wcsnrtombs_r
0011b854 00000340 T __utf8_mbtowc
0011bb94 00000588 T _fseeko_r
0011c11c 00000024 T _localeconv_r
0011c140 000005e0 t get_arg
0011c720 00003554 T _vfprintf_r
0011fc74 000000b4 t __sbprintf
0011fd28 000000e8 T memchr
0011fe10 000001c0 t quorem
0011ffd0 00001420 T _dtoa_r
001213f0 000000a0 T _wcrtomb_r
00121490 000000b8 T __sflags
00121548 0000003c T __libc_fini_array
00121584 00000038 t lflush
001215bc 000001a8 T __srefill_r
00121764 00000164 T __smakebuf_r
001218c8 00000090 T __swhatbuf_r
00121958 0000012c T __ssputs_r
00121a84 000001c4 T _ftello_r
00121c48 000000f8 T __utf8_wctomb
00121d40 00000140 T __swsetup_r
00121e80 0000005c T __assert_func
00121edc 00000088 T _Balloc
00121f64 0000001c T _Bfree
00121f80 000000f4 T __multadd
00122074 00000080 T __hi0bits
001220f4 000000f0 T __lo0bits
001221e4 000000a4 T __i2b
00122288 00000230 T __multiply
001224b8 00000130 T __pow5mult
001225e8 00000138 T __lshift
00122720 00000058 T __mcmp
00122778 00000218 T __mdiff
00122990 00000120 T __d2b
00122ab0 0000003c T fiprintf
00122aec 00000030 T __sprint_r
00122b1c 00000014 T abort
00122b30 000004a4 T __sfvwrite_r
00122fd4 0000009c T _raise_r
00123070 00000020 T raise
00123090 000005e0 t get_arg
00123670 000022f8 T _vfiprintf_r
00125968 000000b4 t __sbprintf
00125a1c 00000020 T _exit
00125a3c 00000140 T chdir
00125b7c 000001c8 T _concatenate_path
00125d44 0000009c T _fstat_r
00125de0 00000014 T _getpid_r
00125df4 0000002c T __getreent
00125e20 00000030 T _gettimeofday_r
00125e50 000000a0 T __release_handle
00125ef0 000000b0 T __alloc_handle
00125fa0 00000058 T __get_handle
00125ff8 00000110 T _close_r
00126108 00000008 t null_write
00126110 00000018 T setDefaultDevice
00126128 000000c4 T FindDevice
001261ec 00000028 T RemoveDevice
00126214 00000098 T AddDevice
001262ac 00000020 T GetDeviceOpTab
001262cc 00000008 T _isatty_r
001262d4 00000014 T _kill_r
001262e8 00000094 T _lseek_r
0012637c 000000c0 T _open_r
0012643c 00000094 T _read_r
001264d0 00000078 W _sbrk_r
00126548 0000001c T __libc_lock_acquire
00126564 0000001c T __libc_lock_release
00126580 0000001c T __libc_lock_acquire_recursive
0012659c 0000001c T __libc_lock_release_recursive
001265b8 00000094 T _write_r
0012664c 00000048 T strrchr
00126694 T _fini
00127364 r .LC2
001274a8 00000010 r C2Di_FontPaths
001274b8 R render2d_shbin
00127644 R render2d_shbin_end
00127644 R render2d_shbin_size
00127648 00000004 r depthFmtSizes
0012764c 00000005 r colorFmtSizes
00127654 00000010 r CSWTCH.11
001277d0 00000080 r dotab_stdout
00127850 00000018 r grayScale
00127868 00000006 r colorCube
00127870 00000030 r colorTable
001278a0 00000080 r romFS_devoptab
00127948 00000008 r morton_y.2
00127950 00000008 r morton_x.3
00127958 00000008 r s_sleepWakeEvents.4
00127960 0000000c r serviceNameTable.5
0012796c R default_font_bin
0012816c R default_font_bin_end
0012816c 00000030 r error_table
0012819c 00000080 r archive_devoptab
00128344 00000010 r zeroes.0
00128354 00000010 r blanks.1
00128364 00000101 R _ctype_
00128468 0000006c R __action_table
001284d4 0000006c R __state_table
00128540 00000100 R __chclass
0012872c 00000010 r zeroes.0
0012873c 00000010 r blanks.1
00128754 0000000c r p05.0
00128760 00000028 R __mprec_bigtens
00128788 000000c8 R __mprec_tens
0012893c 00000010 r zeroes.0
0012894c 00000010 r blanks.1
0012895c 00000080 R dotab_stdnull
001289dc R __tdata_align
001289e0 r __EH_FRAME_BEGIN__
001289e0 R __exidx_end
001289e0 R __exidx_start
00129000 00000008 d framerateCounter
00129008 00000004 d framerate
0012900c 00000001 d firstConsoleInit.0
00129010 00000004 D currentConsole
00129014 00000048 D defaultConsole
0012905c 00000004 d queueLock
00129060 00000004 d aptChainloadDeliverArgSize
00129064 00000004 d kCount
00129068 00000004 d kInterval
0012906c 00000004 d kDelay
00129070 W __stacksize__
00129074 0000000c D __sglue
00129080 00000004 D __malloc_sbrk_base
00129084 00000004 D __malloc_trim_threshold
00129088 00000408 D __malloc_av_
00129490 00000004 D _impure_ptr
00129498 00000140 D _impure_data
001295d8 0000016c D __global_locale
00129744 00000400 d _current_working_directory
00129b48 00001000 d handles
0012ab48 0000000c d __stderr_handle
0012ab54 0000000c d __stdout_handle
0012ab60 0000000c d __stdin_handle
0012ab6c 0000008c D devoptab_list
0012abf8 00000004 d defaultDevice
0012ac04 d _GLOBAL_OFFSET_TABLE_
0012ac10 d __frame_dummy_init_array_entry
0012ac10 D __init_array_start
0012ac10 B __preinit_array_end
0012ac10 B __preinit_array_start
0012ac10 D __tdata_lma
0012ac10 D __tdata_lma_end
0012ac14 d __do_global_dtors_aux_fini_array_entry
0012ac14 D __fini_array_start
0012ac14 D __init_array_end
0012ac18 D __bss_start__
0012ac18 D __fini_array_end
0012ac18 b completed.1
0012ac1c b object.0
0012ac38 000005a8 B __C2Di_Context
0012b1e0 00000040 b s_projBot
0012b220 00000040 b s_projTop
0012b260 00000004 b uLoc_mdlvMtx
0012b264 00000004 b uLoc_projMtx
0012b268 00000004 b s_glyphSheets
0012b26c 00000004 b s_textScale
0012b270 0000000c b hookCookie
0012b280 000002d0 B __C3D_Context
0012b550 00000004 b frameEndCbData
0012b554 00000004 b frameEndCb
0012b558 00000008 b frameCounter
0012b560 00000001 b isTopStereo
0012b561 00000001 b needSwapBot
0012b562 00000001 b needSwapTop
0012b563 00000001 b measureGpuTime
0012b564 00000001 b inSafeTransfer
0012b565 00000001 b inFrame
0012b568 00000010 b cpuTime
0012b578 00000010 b gpuTime
0012b588 0000000c b linkedTarget
0012b594 00000004 b lastTarget
0012b598 00000004 b firstTarget
0012b59c 00000008 b C3Di_IVUnifEverDirty
0012b5a4 000000c0 b C3Di_FVUnifEverDirty
0012b664 00000018 b C3Di_ShaderFVecData
0012b67c 00000002 B C3D_BoolUnifsDirty
0012b680 00000008 B C3D_IVUnifDirty
0012b688 000000c0 B C3D_FVUnifDirty
0012b748 00000004 B C3D_BoolUnifs
0012b74c 00000020 B C3D_IVUnif
0012b76c 00000c00 B C3D_FVUnif
0012c370 00000008 b sLinearPool
0012c378 0000000c b sAddrMap
0012c388 00000008 b sVramPoolB
0012c390 00000008 b sVramPoolA
0012c398 0000000c b sAddrMap
0012c3a4 00000064 b escapeSeq
0012c408 00000048 B currentCopy
0012c450 00000004 b sharedFontAddr
0012c454 00000004 B g_sharedFont
0012c458 00000004 b screenAlloc
0012c45c 00000004 b screenFree
0012c460 00000002 b gfxIsDoubleBuf
0012c464 00000002 b gfxCurBuf
0012c466 00000001 b gfxIsVram
0012c467 00000001 b gfxTopMode
0012c468 00000002 b gfxFramebufferFormats
0012c46c 00000004 b gfxBottomFramebufferMaxSize
0012c470 00000004 b gfxTopFramebufferMaxSize
0012c478 00000008 b gfxBottomFramebuffers
0012c480 00000008 b gfxTopFramebuffers
0012c488 00000001 V __ctru_speedup
0012c48c 00000004 b romfs_mount_list
0012c490 00000004 B gpuCmdBufOffset
0012c494 00000004 B gpuCmdBufSize
0012c498 00000004 B gpuCmdBuf
0012c49c 00000004 b boundQueue
0012c4a0 00000001 b shouldStop
0012c4a1 00000001 b isRunning
0012c4a2 00000001 b isActive
0012c4a4 00000004 b curQueue
0012c4a8 00000001 b flagValue.0
0012c4a9 00000001 b flagInit.1
0012c4ac 00000004 b serviceName.6
0012c4b0 00000001 b aptChainloadFlags
0012c4b1 00000001 b aptChainloadMediatype
0012c4b4 00000020 b aptChainloadHmac
0012c4d4 00000300 b aptChainloadDeliverArg
0012c7d8 00000008 b aptChainloadTid
0012c7e0 00001000 b aptParameters
0012d7e0 00000004 b aptFlags
0012d7e4 00000001 b aptHomeButtonState
0012d7e8 00000004 b aptMessageFuncData
0012d7ec 00000004 b aptMessageFunc
0012d7f0 0000000c b aptFirstHook
0012d7fc 00000001 b aptEventHandlerThreadQuit
0012d800 00000004 b aptEventHandlerThread
0012d804 00000008 b aptSleepEvent
0012d80c 00000008 b aptReceiveEvent
0012d814 00000008 b aptEvents
0012d81c 00000004 b aptLockHandle
0012d820 00000004 b aptRefCount
0012d824 00000004 b cfguHandle
0012d828 00000080 b fsExemptArchives
0012d8a8 00000004 b fsuRefCount
0012d8ac 00000004 b fsuHandle
0012d8b0 00000007 b gspEventCbOneShot
0012d8b8 0000001c b gspEventCbData
0012d8d4 0000001c b gspEventCb
0012d8f0 00000038 b gspEvents
0012d928 00000004 b gspLastEvent
0012d92c 00000001 b gspRunEvents
0012d930 00000004 b gspEventThread
0012d934 00000004 b gspEvent
0012d938 00000001 b gspGpuRight
0012d939 00000001 b gspThreadId
0012d93c 00000004 b gspSharedMem
0012d940 00000004 b gspSharedMemHandle
0012d944 00000004 b gspRefCount
0012d948 00000004 b gspGpuHandle
0012d94c 00000001 b usingIrrst
0012d950 00000004 b hidRefCount
0012d954 00000006 b gRate
0012d95c 00000006 b aVec
0012d964 00000004 b cPos
0012d968 00000004 b tPos
0012d96c 00000004 b kRepeat
0012d970 00000004 b kUp
0012d974 00000004 b kDown
0012d978 00000004 b kHeld
0012d97c 00000004 b kOld
0012d980 00000004 B hidSharedMem
0012d984 00000014 B hidEvents
0012d998 00000004 B hidMemHandle
0012d99c 00000004 B hidHandle
0012d9a0 00000004 b irrstRefCount
0012d9a4 00000004 b csPos
0012d9a8 00000004 b kHeld
0012d9ac 00000004 B irrstSharedMem
0012d9b0 00000004 B irrstEvent
0012d9b4 00000004 B irrstMemHandle
0012d9b8 00000004 B irrstHandle
0012d9bc 00000004 b ptmSysmRefCount
0012d9c0 00000004 b ptmSysmHandle
0012d9c4 00000004 V __ctru_linear_heap_size
0012d9c8 00000004 V __ctru_heap_size
0012d9cc 00000004 B __ctru_linear_heap
0012d9d0 00000004 B __ctru_heap
0012d9d4 00000004 B __system_retAddr
0012d9d8 00000004 B __system_argv
0012d9dc 00000004 B __system_argc
0012d9e0 b saved_stack
0012d9e8 00000004 B __3dslink_host
0012d9ec 00000004 b srvRefCount
0012d9f0 00000004 b srvHandle
0012d9f4 00000004 b arbiter
0012d9f8 00000004 b currentAddr
0012d9fc 00000004 b maxAddr
0012da00 00000004 b minAddr
0012da04 00000004 b srvPmHandle
0012da08 000005c0 b archive_devices
0012dfc8 00000004 b archive_device_cwd
0012dfcc 00000001 b archive_initialized
0012dfd0 0000000c b __sfp_recursive_mutex
0012dfe0 00000168 B __sf
0012e148 00000004 B __stdio_exit_handler
0012e14c 00000028 B __malloc_current_mallinfo
0012e174 00000004 B __malloc_max_total_mem
0012e178 00000004 B __malloc_max_sbrked_mem
0012e17c 00000004 B __malloc_top_pad
0012e180 0000000c b __malloc_recursive_mutex
0012e18c 00000400 b temp_cwd
0012e58c 00000004 b __hndl_lock
0012e590 00000004 B fake_heap_start
0012e594 00000004 B fake_heap_end
0012e598 00000004 b heap_start.0
0012e59c B __tls_start
0012f1a4 B __bss_end__
0012f1a4 A __end__
0012f1a4 B __tls_end
